生成启动时间为 2015/11/13 14:54:45。
     1>项目“D:\studysoft\vs2010\vs2010练习\71_uVision\uVision_cjl\uVision\uVision\uVision.vcxproj”在节点 2 上(build 个目标)。
     1>PrepareForBuild:
         正在创建目录“D:\studysoft\vs2010\vs2010练习\71_uVision\uVision_cjl\uVision\Win32\Release\”。
       InitializeBuildStatus:
         正在创建“Release\uVision.unsuccessfulbuild”，因为已指定“AlwaysCreate”。
       CustomBuild:
         Moc'ing uvision.h...
         Uic'ing uvision.ui...
         Moc'ing image_tools.h...
         Moc'ing imagestitching.h...
         Moc'ing thumbnailthread.h...
         Moc'ing serialparameters.h...
         Moc'ing videoproperty.h...
         Moc'ing videoinput.h...
         Rcc'ing uvision.qrc...
     1>RCC : warning : No resources in 'D:\studysoft\vs2010\vs2010缁冧範\71_uVision\uVision_cjl\uVision\uVision\uvision.qrc'.
         
         Uic'ing videoinput.ui...
         Uic'ing videoproperty.ui...
         Uic'ing serialparameters.ui...
         Uic'ing imagestitching.ui...
       ClCompile:
         d:\Program Files (x86)\Microsoft Visual Studio 10.0\VC\bin\CL.exe /c /I.\GeneratedFiles /I. /ID:\Qt\4.8.6\include /I.\GeneratedFiles\Release /ID:\Qt\4.8.6\include\QtCore /ID:\Qt\4.8.6\include\QtGui /ID:\Qt\4.8.6\include\QtHelp /nologo /W1 /WX- /O2 /Oy- /D UNICODE /D WIN32 /D QT_DLL /D QT_NO_DEBUG /D NDEBUG /D QT_CORE_LIB /D QT_GUI_LIB /Gm- /EHsc /MD /GS /fp:precise /Zc:wchar_t- /Zc:forScope /Fo"Release\\" /Fd"Release\vc100.pdb" /Gd /TC /analyze- /errorReport:prompt ..\sift\imgfeatures.c ..\sift\kdtree.c ..\sift\minpq.c ..\sift\sift.c ..\sift\utils.c ..\sift\xform.c
         imgfeatures.c
     1>d:\studysoft\vs2010\vs2010练习\71_uvision\uvision_cjl\uvision\sift\../sift/utils.h(12): fatal error C1083: 无法打开包括文件:“opencv/cxcore.h”: No such file or directory
         kdtree.c
     1>d:\studysoft\vs2010\vs2010练习\71_uvision\uvision_cjl\uvision\sift\../sift/kdtree.h(21): fatal error C1083: 无法打开包括文件:“opencv/cxcore.h”: No such file or directory
         minpq.c
     1>d:\studysoft\vs2010\vs2010练习\71_uvision\uvision_cjl\uvision\sift\../sift/utils.h(12): fatal error C1083: 无法打开包括文件:“opencv/cxcore.h”: No such file or directory
         sift.c
     1>d:\studysoft\vs2010\vs2010练习\71_uvision\uvision_cjl\uvision\sift\../sift/sift.h(23): fatal error C1083: 无法打开包括文件:“opencv/cxcore.h”: No such file or directory
         utils.c
     1>d:\studysoft\vs2010\vs2010练习\71_uvision\uvision_cjl\uvision\sift\../sift/utils.h(12): fatal error C1083: 无法打开包括文件:“opencv/cxcore.h”: No such file or directory
         xform.c
     1>d:\studysoft\vs2010\vs2010练习\71_uvision\uvision_cjl\uvision\sift\../sift/xform.h(12): fatal error C1083: 无法打开包括文件:“opencv/cxcore.h”: No such file or directory
         正在生成代码...
     1>已完成生成项目“D:\studysoft\vs2010\vs2010练习\71_uVision\uVision_cjl\uVision\uVision\uVision.vcxproj”(build 个目标)的操作 - 失败。

生成失败。

已用时间 00:00:04.99
